<!DOCTYPE HTML PUBLIC "-//W3C//DTD HTML 4.01 Transitional//EN" "http://www.w3.org/TR/html4/loose.dtd">
<html>
<head>
<title>Application log</title>
<style type="text/css">
<!--
body, table {font-family: arial,sans-serif; font-size: x-small;}
th {background: #336699; color: #FFFFFF; text-align: left;}
-->
</style>
</head>
<body bgcolor="#FFFFFF" topmargin="6" leftmargin="6">
<hr size="1" noshade>
Log session start time Thu Jun 03 19:25:44 PDT 2021<br>
<br>
<table cellspacing="0" cellpadding="4" border="1" bordercolor="#224466" width="100%">
<tr>
<th>Time</th>
<th>Thread</th>
<th>Level</th>
<th>Category</th>
<th>File:Line</th>
<th>Message</th>
</tr>

<tr>
<td>0</td>
<td title="main thread">main</td>
<td title="Level">INFO</td>
<td title="This is myProject category">This is myProject</td>
<td>Steps.java:26</td>
<td title="Message">******Browser is Launched******</td>
</tr>

<tr>
<td>4929</td>
<td title="main thread">main</td>
<td title="Level">INFO</td>
<td title="This is myProject category">This is myProject</td>
<td>Steps.java:35</td>
<td title="Message">******Opening URL******</td>
</tr>

<tr>
<td>5258</td>
<td title="main thread">main</td>
<td title="Level">INFO</td>
<td title="This is myProject category">This is myProject</td>
<td>Steps.java:42</td>
<td title="Message">******Providing Email and Password******</td>
</tr>

<tr>
<td>19709</td>
<td title="main thread">main</td>
<td title="Level">INFO</td>
<td title="This is myProject category">This is myProject</td>
<td>Steps.java:79</td>
<td title="Message">******User can view Dashboard******</td>
</tr>

<tr>
<td>19857</td>
<td title="main thread">main</td>
<td title="Level">INFO</td>
<td title="This is myProject category">This is myProject</td>
<td>Steps.java:85</td>
<td title="Message">******Clicks on customer menu******</td>
</tr>

<tr>
<td>22178</td>
<td title="main thread">main</td>
<td title="Level">INFO</td>
<td title="This is myProject category">This is myProject</td>
<td>Steps.java:113</td>
<td title="Message">******Search Customer by E-mail******</td>
</tr>

<tr>
<td>22655</td>
<td title="main thread">main</td>
<td title="Level">INFO</td>
<td title="This is myProject category">This is myProject</td>
<td>Steps.java:119</td>
<td title="Message">******Clicks on Search button******</td>
</tr>

<tr>
<td>22742</td>
<td title="main thread">main</td>
<td title="Level">INFO</td>
<td title="This is myProject category">This is myProject</td>
<td>Steps.java:124</td>
<td title="Message">******Expected Result is found******</td>
</tr>

<tr>
<td>23639</td>
<td title="main thread">main</td>
<td title="Level">INFO</td>
<td title="This is myProject category">This is myProject</td>
<td>Steps.java:71</td>
<td title="Message">******Browser is Closed******</td>
</tr>
<!DOCTYPE HTML PUBLIC "-//W3C//DTD HTML 4.01 Transitional//EN" "http://www.w3.org/TR/html4/loose.dtd">
<html>
<head>
<title>Application log</title>
<style type="text/css">
<!--
body, table {font-family: arial,sans-serif; font-size: x-small;}
th {background: #336699; color: #FFFFFF; text-align: left;}
-->
</style>
</head>
<body bgcolor="#FFFFFF" topmargin="6" leftmargin="6">
<hr size="1" noshade>
Log session start time Thu Jun 03 23:30:16 PDT 2021<br>
<br>
<table cellspacing="0" cellpadding="4" border="1" bordercolor="#224466" width="100%">
<tr>
<th>Time</th>
<th>Thread</th>
<th>Level</th>
<th>Category</th>
<th>File:Line</th>
<th>Message</th>
</tr>

<tr>
<td>0</td>
<td title="main thread">main</td>
<td title="Level">INFO</td>
<td title="This is myProject category">This is myProject</td>
<td>Steps.java:56</td>
<td title="Message">******Opening URL******</td>
</tr>

<tr>
<td>77</td>
<td title="main thread">main</td>
<td title="Level">INFO</td>
<td title="This is myProject category">This is myProject</td>
<td>Steps.java:61</td>
<td title="Message">******Providing Email and Password******</td>
</tr>

<tr>
<td>12296</td>
<td title="main thread">main</td>
<td title="Level">INFO</td>
<td title="This is myProject category">This is myProject</td>
<td>Steps.java:84</td>
<td title="Message">******Application is logged out******</td>
</tr>

<tr>
<td>17848</td>
<td title="main thread">main</td>
<td title="Level">INFO</td>
<td title="This is myProject category">This is myProject</td>
<td>Steps.java:91</td>
<td title="Message">******Browser is Closed******</td>
</tr>
</table>
<br>
</body></html><!DOCTYPE HTML PUBLIC "-//W3C//DTD HTML 4.01 Transitional//EN" "http://www.w3.org/TR/html4/loose.dtd">
<html>
<head>
<title>Application log</title>
<style type="text/css">
<!--
body, table {font-family: arial,sans-serif; font-size: x-small;}
th {background: #336699; color: #FFFFFF; text-align: left;}
-->
</style>
</head>
<body bgcolor="#FFFFFF" topmargin="6" leftmargin="6">
<hr size="1" noshade>
Log session start time Thu Jun 03 23:30:47 PDT 2021<br>
<br>
<table cellspacing="0" cellpadding="4" border="1" bordercolor="#224466" width="100%">
<tr>
<th>Time</th>
<th>Thread</th>
<th>Level</th>
<th>Category</th>
<th>File:Line</th>
<th>Message</th>
</tr>

<tr>
<td>22587</td>
<td title="main thread">main</td>
<td title="Level">INFO</td>
<td title="This is myProject category">This is myProject</td>
<td>Steps.java:56</td>
<td title="Message">******Opening URL******</td>
</tr>

<tr>
<td>22594</td>
<td title="main thread">main</td>
<td title="Level">INFO</td>
<td title="This is myProject category">This is myProject</td>
<td>Steps.java:61</td>
<td title="Message">******Providing Email and Password******</td>
</tr>

<tr>
<td>30972</td>
<td title="main thread">main</td>
<td title="Level">INFO</td>
<td title="This is myProject category">This is myProject</td>
<td>Steps.java:84</td>
<td title="Message">******Application is logged out******</td>
</tr>

<tr>
<td>37193</td>
<td title="main thread">main</td>
<td title="Level">INFO</td>
<td title="This is myProject category">This is myProject</td>
<td>Steps.java:91</td>
<td title="Message">******Browser is Closed******</td>
</tr>
</table>
<br>
</body></html><!DOCTYPE HTML PUBLIC "-//W3C//DTD HTML 4.01 Transitional//EN" "http://www.w3.org/TR/html4/loose.dtd">
<html>
<head>
<title>Application log</title>
<style type="text/css">
<!--
body, table {font-family: arial,sans-serif; font-size: x-small;}
th {background: #336699; color: #FFFFFF; text-align: left;}
-->
</style>
</head>
<body bgcolor="#FFFFFF" topmargin="6" leftmargin="6">
<hr size="1" noshade>
Log session start time Thu Jun 03 23:31:06 PDT 2021<br>
<br>
<table cellspacing="0" cellpadding="4" border="1" bordercolor="#224466" width="100%">
<tr>
<th>Time</th>
<th>Thread</th>
<th>Level</th>
<th>Category</th>
<th>File:Line</th>
<th>Message</th>
</tr>

<tr>
<td>41372</td>
<td title="main thread">main</td>
<td title="Level">INFO</td>
<td title="This is myProject category">This is myProject</td>
<td>Steps.java:56</td>
<td title="Message">******Opening URL******</td>
</tr>

<tr>
<td>41376</td>
<td title="main thread">main</td>
<td title="Level">INFO</td>
<td title="This is myProject category">This is myProject</td>
<td>Steps.java:61</td>
<td title="Message">******Providing Email and Password******</td>
</tr>
<!DOCTYPE HTML PUBLIC "-//W3C//DTD HTML 4.01 Transitional//EN" "http://www.w3.org/TR/html4/loose.dtd">
<html>
<head>
<title>Application log</title>
<style type="text/css">
<!--
body, table {font-family: arial,sans-serif; font-size: x-small;}
th {background: #336699; color: #FFFFFF; text-align: left;}
-->
</style>
</head>
<body bgcolor="#FFFFFF" topmargin="6" leftmargin="6">
<hr size="1" noshade>
Log session start time Fri Jun 04 13:06:16 PDT 2021<br>
<br>
<table cellspacing="0" cellpadding="4" border="1" bordercolor="#224466" width="100%">
<tr>
<th>Time</th>
<th>Thread</th>
<th>Level</th>
<th>Category</th>
<th>File:Line</th>
<th>Message</th>
</tr>

<tr>
<td>0</td>
<td title="main thread">main</td>
<td title="Level">INFO</td>
<td title="This is myProject category">This is myProject</td>
<td>Steps.java:56</td>
<td title="Message">******Opening URL******</td>
</tr>

<tr>
<td>224</td>
<td title="main thread">main</td>
<td title="Level">INFO</td>
<td title="This is myProject category">This is myProject</td>
<td>Steps.java:61</td>
<td title="Message">******Providing Email and Password******</td>
</tr>

<tr>
<td>19061</td>
<td title="main thread">main</td>
<td title="Level">INFO</td>
<td title="This is myProject category">This is myProject</td>
<td>Steps.java:84</td>
<td title="Message">******Application is logged out******</td>
</tr>

<tr>
<td>25559</td>
<td title="main thread">main</td>
<td title="Level">INFO</td>
<td title="This is myProject category">This is myProject</td>
<td>Steps.java:91</td>
<td title="Message">******Browser is Closed******</td>
</tr>
<!DOCTYPE HTML PUBLIC "-//W3C//DTD HTML 4.01 Transitional//EN" "http://www.w3.org/TR/html4/loose.dtd">
<html>
<head>
<title>Application log</title>
<style type="text/css">
<!--
body, table {font-family: arial,sans-serif; font-size: x-small;}
th {background: #336699; color: #FFFFFF; text-align: left;}
-->
</style>
</head>
<body bgcolor="#FFFFFF" topmargin="6" leftmargin="6">
<hr size="1" noshade>
Log session start time Fri Jun 04 13:15:15 PDT 2021<br>
<br>
<table cellspacing="0" cellpadding="4" border="1" bordercolor="#224466" width="100%">
<tr>
<th>Time</th>
<th>Thread</th>
<th>Level</th>
<th>Category</th>
<th>File:Line</th>
<th>Message</th>
</tr>

<tr>
<td>0</td>
<td title="main thread">main</td>
<td title="Level">INFO</td>
<td title="This is myProject category">This is myProject</td>
<td>Steps.java:56</td>
<td title="Message">******Opening URL******</td>
</tr>

<tr>
<td>1130</td>
<td title="main thread">main</td>
<td title="Level">INFO</td>
<td title="This is myProject category">This is myProject</td>
<td>Steps.java:61</td>
<td title="Message">******Providing Email and Password******</td>
</tr>

<tr>
<td>22746</td>
<td title="main thread">main</td>
<td title="Level">INFO</td>
<td title="This is myProject category">This is myProject</td>
<td>Steps.java:84</td>
<td title="Message">******Application is logged out******</td>
</tr>

<tr>
<td>34371</td>
<td title="main thread">main</td>
<td title="Level">INFO</td>
<td title="This is myProject category">This is myProject</td>
<td>Steps.java:91</td>
<td title="Message">******Browser is Closed******</td>
</tr>
</table>
<br>
</body></html><!DOCTYPE HTML PUBLIC "-//W3C//DTD HTML 4.01 Transitional//EN" "http://www.w3.org/TR/html4/loose.dtd">
<html>
<head>
<title>Application log</title>
<style type="text/css">
<!--
body, table {font-family: arial,sans-serif; font-size: x-small;}
th {background: #336699; color: #FFFFFF; text-align: left;}
-->
</style>
</head>
<body bgcolor="#FFFFFF" topmargin="6" leftmargin="6">
<hr size="1" noshade>
Log session start time Fri Jun 04 13:16:11 PDT 2021<br>
<br>
<table cellspacing="0" cellpadding="4" border="1" bordercolor="#224466" width="100%">
<tr>
<th>Time</th>
<th>Thread</th>
<th>Level</th>
<th>Category</th>
<th>File:Line</th>
<th>Message</th>
</tr>

<tr>
<td>50399</td>
<td title="main thread">main</td>
<td title="Level">INFO</td>
<td title="This is myProject category">This is myProject</td>
<td>Steps.java:56</td>
<td title="Message">******Opening URL******</td>
</tr>

<tr>
<td>50404</td>
<td title="main thread">main</td>
<td title="Level">INFO</td>
<td title="This is myProject category">This is myProject</td>
<td>Steps.java:61</td>
<td title="Message">******Providing Email and Password******</td>
</tr>

<tr>
<td>65871</td>
<td title="main thread">main</td>
<td title="Level">INFO</td>
<td title="This is myProject category">This is myProject</td>
<td>Steps.java:84</td>
<td title="Message">******Application is logged out******</td>
</tr>

<tr>
<td>71239</td>
<td title="main thread">main</td>
<td title="Level">INFO</td>
<td title="This is myProject category">This is myProject</td>
<td>Steps.java:91</td>
<td title="Message">******Browser is Closed******</td>
</tr>
</table>
<br>
</body></html><!DOCTYPE HTML PUBLIC "-//W3C//DTD HTML 4.01 Transitional//EN" "http://www.w3.org/TR/html4/loose.dtd">
<html>
<head>
<title>Application log</title>
<style type="text/css">
<!--
body, table {font-family: arial,sans-serif; font-size: x-small;}
th {background: #336699; color: #FFFFFF; text-align: left;}
-->
</style>
</head>
<body bgcolor="#FFFFFF" topmargin="6" leftmargin="6">
<hr size="1" noshade>
Log session start time Fri Jun 04 13:16:39 PDT 2021<br>
<br>
<table cellspacing="0" cellpadding="4" border="1" bordercolor="#224466" width="100%">
<tr>
<th>Time</th>
<th>Thread</th>
<th>Level</th>
<th>Category</th>
<th>File:Line</th>
<th>Message</th>
</tr>

<tr>
<td>75878</td>
<td title="main thread">main</td>
<td title="Level">INFO</td>
<td title="This is myProject category">This is myProject</td>
<td>Steps.java:56</td>
<td title="Message">******Opening URL******</td>
</tr>

<tr>
<td>75884</td>
<td title="main thread">main</td>
<td title="Level">INFO</td>
<td title="This is myProject category">This is myProject</td>
<td>Steps.java:61</td>
<td title="Message">******Providing Email and Password******</td>
</tr>
<!DOCTYPE HTML PUBLIC "-//W3C//DTD HTML 4.01 Transitional//EN" "http://www.w3.org/TR/html4/loose.dtd">
<html>
<head>
<title>Application log</title>
<style type="text/css">
<!--
body, table {font-family: arial,sans-serif; font-size: x-small;}
th {background: #336699; color: #FFFFFF; text-align: left;}
-->
</style>
</head>
<body bgcolor="#FFFFFF" topmargin="6" leftmargin="6">
<hr size="1" noshade>
Log session start time Fri Jun 04 16:20:09 PDT 2021<br>
<br>
<table cellspacing="0" cellpadding="4" border="1" bordercolor="#224466" width="100%">
<tr>
<th>Time</th>
<th>Thread</th>
<th>Level</th>
<th>Category</th>
<th>File:Line</th>
<th>Message</th>
</tr>

<tr>
<td>0</td>
<td title="main thread">main</td>
<td title="Level">INFO</td>
<td title="This is myProject category">This is myProject</td>
<td>Steps.java:56</td>
<td title="Message">******Opening URL******</td>
</tr>

<tr>
<td>91</td>
<td title="main thread">main</td>
<td title="Level">INFO</td>
<td title="This is myProject category">This is myProject</td>
<td>Steps.java:61</td>
<td title="Message">******Providing Email and Password******</td>
</tr>

<tr>
<td>16948</td>
<td title="main thread">main</td>
<td title="Level">INFO</td>
<td title="This is myProject category">This is myProject</td>
<td>Steps.java:84</td>
<td title="Message">******Application is logged out******</td>
</tr>

<tr>
<td>25758</td>
<td title="main thread">main</td>
<td title="Level">INFO</td>
<td title="This is myProject category">This is myProject</td>
<td>Steps.java:91</td>
<td title="Message">******Browser is Closed******</td>
</tr>
<!DOCTYPE HTML PUBLIC "-//W3C//DTD HTML 4.01 Transitional//EN" "http://www.w3.org/TR/html4/loose.dtd">
<html>
<head>
<title>Application log</title>
<style type="text/css">
<!--
body, table {font-family: arial,sans-serif; font-size: x-small;}
th {background: #336699; color: #FFFFFF; text-align: left;}
-->
</style>
</head>
<body bgcolor="#FFFFFF" topmargin="6" leftmargin="6">
<hr size="1" noshade>
Log session start time Fri Jun 04 17:04:56 PDT 2021<br>
<br>
<table cellspacing="0" cellpadding="4" border="1" bordercolor="#224466" width="100%">
<tr>
<th>Time</th>
<th>Thread</th>
<th>Level</th>
<th>Category</th>
<th>File:Line</th>
<th>Message</th>
</tr>

<tr>
<td>0</td>
<td title="main thread">main</td>
<td title="Level">INFO</td>
<td title="This is myProject category">This is myProject</td>
<td>Steps.java:56</td>
<td title="Message">******Opening URL******</td>
</tr>

<tr>
<td>53</td>
<td title="main thread">main</td>
<td title="Level">INFO</td>
<td title="This is myProject category">This is myProject</td>
<td>Steps.java:61</td>
<td title="Message">******Providing Email and Password******</td>
</tr>

<tr>
<td>50294</td>
<td title="main thread">main</td>
<td title="Level">INFO</td>
<td title="This is myProject category">This is myProject</td>
<td>Steps.java:84</td>
<td title="Message">******Application is logged out******</td>
</tr>

<tr>
<td>56849</td>
<td title="main thread">main</td>
<td title="Level">INFO</td>
<td title="This is myProject category">This is myProject</td>
<td>Steps.java:91</td>
<td title="Message">******Browser is Closed******</td>
</tr>
<!DOCTYPE HTML PUBLIC "-//W3C//DTD HTML 4.01 Transitional//EN" "http://www.w3.org/TR/html4/loose.dtd">
<html>
<head>
<title>Application log</title>
<style type="text/css">
<!--
body, table {font-family: arial,sans-serif; font-size: x-small;}
th {background: #336699; color: #FFFFFF; text-align: left;}
-->
</style>
</head>
<body bgcolor="#FFFFFF" topmargin="6" leftmargin="6">
<hr size="1" noshade>
Log session start time Fri Jun 04 20:29:10 PDT 2021<br>
<br>
<table cellspacing="0" cellpadding="4" border="1" bordercolor="#224466" width="100%">
<tr>
<th>Time</th>
<th>Thread</th>
<th>Level</th>
<th>Category</th>
<th>File:Line</th>
<th>Message</th>
</tr>

<tr>
<td>0</td>
<td title="main thread">main</td>
<td title="Level">INFO</td>
<td title="This is myProject category">This is myProject</td>
<td>Steps.java:56</td>
<td title="Message">******Opening URL******</td>
</tr>

<tr>
<td>242</td>
<td title="main thread">main</td>
<td title="Level">INFO</td>
<td title="This is myProject category">This is myProject</td>
<td>Steps.java:61</td>
<td title="Message">******Providing Email and Password******</td>
</tr>
<!DOCTYPE HTML PUBLIC "-//W3C//DTD HTML 4.01 Transitional//EN" "http://www.w3.org/TR/html4/loose.dtd">
<html>
<head>
<title>Application log</title>
<style type="text/css">
<!--
body, table {font-family: arial,sans-serif; font-size: x-small;}
th {background: #336699; color: #FFFFFF; text-align: left;}
-->
</style>
</head>
<body bgcolor="#FFFFFF" topmargin="6" leftmargin="6">
<hr size="1" noshade>
Log session start time Fri Jun 04 23:27:19 PDT 2021<br>
<br>
<table cellspacing="0" cellpadding="4" border="1" bordercolor="#224466" width="100%">
<tr>
<th>Time</th>
<th>Thread</th>
<th>Level</th>
<th>Category</th>
<th>File:Line</th>
<th>Message</th>
</tr>

<tr>
<td>0</td>
<td title="main thread">main</td>
<td title="Level">INFO</td>
<td title="This is myProject category">This is myProject</td>
<td>Steps.java:56</td>
<td title="Message">******Opening URL******</td>
</tr>

<tr>
<td>74</td>
<td title="main thread">main</td>
<td title="Level">INFO</td>
<td title="This is myProject category">This is myProject</td>
<td>Steps.java:61</td>
<td title="Message">******Providing Email and Password******</td>
</tr>

<tr>
<td>17180</td>
<td title="main thread">main</td>
<td title="Level">INFO</td>
<td title="This is myProject category">This is myProject</td>
<td>Steps.java:84</td>
<td title="Message">******Application is logged out******</td>
</tr>

<tr>
<td>25786</td>
<td title="main thread">main</td>
<td title="Level">INFO</td>
<td title="This is myProject category">This is myProject</td>
<td>Steps.java:91</td>
<td title="Message">******Browser is Closed******</td>
</tr>
